<?xml version="1.0" encoding="UTF-8"?>
<!-- Generated by org.testng.reporters.JUnitXMLReporter -->
<testsuite ignored="2" hostname="VashistaSagi" failures="1" tests="5" name="Test" time="32.694" errors="0" timestamp="2022-11-11T12:44:54 SAST">
  <testcase classname="voss.testcases.EndToEndTest" name="validateTitle" time="0.276">
    <failure type="java.lang.AssertionError" message="expected [true] but found [false]">
      <![CDATA[java.lang.AssertionError: expected [true] but found [false]
at voss.testcases.EndToEndTest.validateTitle(EndToEndTest.java:45)
at java.base/java.util.ArrayList.forEach(ArrayList.java:1511)
... Removed 31 stack frames]]>
    </failure>
  </testcase> <!-- validateTitle -->
  <testcase classname="voss.testcases.EndToEndTest" name="ScreensotOfPage" time="1.258"/>
  <testcase classname="voss.testcases.EndToEndTest" name="LogInAndSignOut" time="10.556"/>
  <testcase classname="voss.testcases.EndToEndTest" name="FillOutFormsSignInOut" time="2.499"/>
  <testcase classname="voss.testcases.EndToEndTest" name="FakePricingPageTest" time="2.303"/>
  <testcase classname="voss.base.BaseClass" name="@AfterSuite afterSuite" time="0.0">
    <ignored/>
  </testcase> <!-- @AfterSuite afterSuite -->
  <testcase classname="voss.base.BaseClass" name="@BeforeSuite loadConfig" time="0.0">
    <ignored/>
  </testcase> <!-- @BeforeSuite loadConfig -->
</testsuite> <!-- Test -->
