<?xml version="1.0" encoding="UTF-8"?>
<testng-results ignored="2" total="7" passed="4" failed="1" skipped="0">
  <reporter-output>
  </reporter-output>
  <suite started-at="2022-11-11T12:44:21 SAST" name="Suite" finished-at="2022-11-11T12:44:54 SAST" duration-ms="32694">
    <groups>
    </groups>
    <test started-at="2022-11-11T12:44:21 SAST" name="Test" finished-at="2022-11-11T12:44:54 SAST" duration-ms="32694">
      <class name="voss.testcases.EndToEndTest">
        <test-method is-config="true" signature="loadConfig()[pri:0, instance:voss.testcases.EndToEndTest@70e9c95d]" started-at="2022-11-11T12:44:21 SAST" name="loadConfig" finished-at="2022-11-11T12:44:21 SAST" duration-ms="336" status="PASS">
          <reporter-output>
          </reporter-output>
        </test-method> <!-- loadConfig -->
        <test-method is-config="true" signature="setup()[pri:0, instance:voss.testcases.EndToEndTest@70e9c95d]" started-at="2022-11-11T12:44:21 SAST" name="setup" finished-at="2022-11-11T12:44:25 SAST" duration-ms="3896" status="PASS">
          <reporter-output>
          </reporter-output>
        </test-method> <!-- setup -->
        <test-method signature="validateTitle()[pri:1, instance:voss.testcases.EndToEndTest@70e9c95d]" started-at="2022-11-11T12:44:25 SAST" name="validateTitle" finished-at="2022-11-11T12:44:26 SAST" duration-ms="276" status="FAIL">
          <exception class="java.lang.AssertionError">
            <message>
              <![CDATA[expected [true] but found [false]]]>
            </message>
            <full-stacktrace>
              <![CDATA[java.lang.AssertionError: expected [true] but found [false]
at org.testng.Assert.fail(Assert.java:99)
at org.testng.Assert.failNotEquals(Assert.java:1037)
at org.testng.Assert.assertTrue(Assert.java:45)
at org.testng.Assert.assertTrue(Assert.java:55)
at voss.testcases.EndToEndTest.validateTitle(EndToEndTest.java:45)
at java.base/jdk.internal.reflect.NativeMethodAccessorImpl.invoke0(Native Method)
at java.base/jdk.internal.reflect.NativeMethodAccessorImpl.invoke(NativeMethodAccessorImpl.java:77)
at java.base/jdk.internal.reflect.DelegatingMethodAccessorImpl.invoke(DelegatingMethodAccessorImpl.java:43)
at java.base/java.lang.reflect.Method.invoke(Method.java:568)
at org.testng.internal.MethodInvocationHelper.invokeMethod(MethodInvocationHelper.java:133)
at org.testng.internal.TestInvoker.invokeMethod(TestInvoker.java:598)
at org.testng.internal.TestInvoker.invokeTestMethod(TestInvoker.java:173)
at org.testng.internal.MethodRunner.runInSequence(MethodRunner.java:46)
at org.testng.internal.TestInvoker$MethodInvocationAgent.invoke(TestInvoker.java:824)
at org.testng.internal.TestInvoker.invokeTestMethods(TestInvoker.java:146)
at org.testng.internal.TestMethodWorker.invokeTestMethods(TestMethodWorker.java:146)
at org.testng.internal.TestMethodWorker.run(TestMethodWorker.java:128)
at java.base/java.util.ArrayList.forEach(ArrayList.java:1511)
at org.testng.TestRunner.privateRun(TestRunner.java:794)
at org.testng.TestRunner.run(TestRunner.java:596)
at org.testng.SuiteRunner.runTest(SuiteRunner.java:377)
at org.testng.SuiteRunner.runSequentially(SuiteRunner.java:371)
at org.testng.SuiteRunner.privateRun(SuiteRunner.java:332)
at org.testng.SuiteRunner.run(SuiteRunner.java:276)
at org.testng.SuiteRunnerWorker.runSuite(SuiteRunnerWorker.java:53)
at org.testng.SuiteRunnerWorker.run(SuiteRunnerWorker.java:96)
at org.testng.TestNG.runSuitesSequentially(TestNG.java:1212)
at org.testng.TestNG.runSuitesLocally(TestNG.java:1134)
at org.testng.TestNG.runSuites(TestNG.java:1063)
at org.testng.TestNG.run(TestNG.java:1031)
at org.testng.remote.AbstractRemoteTestNG.run(AbstractRemoteTestNG.java:115)
at org.testng.remote.RemoteTestNG.initAndRun(RemoteTestNG.java:251)
at org.testng.remote.RemoteTestNG.main(RemoteTestNG.java:77)
]]>
            </full-stacktrace>
          </exception> <!-- java.lang.AssertionError -->
          <reporter-output>
          </reporter-output>
        </test-method> <!-- validateTitle -->
        <test-method is-config="true" signature="tearDown()[pri:0, instance:voss.testcases.EndToEndTest@70e9c95d]" started-at="2022-11-11T12:44:26 SAST" name="tearDown" finished-at="2022-11-11T12:44:27 SAST" duration-ms="363" status="PASS">
          <reporter-output>
          </reporter-output>
        </test-method> <!-- tearDown -->
        <test-method is-config="true" signature="setup()[pri:0, instance:voss.testcases.EndToEndTest@70e9c95d]" started-at="2022-11-11T12:44:27 SAST" name="setup" finished-at="2022-11-11T12:44:30 SAST" duration-ms="2799" status="PASS">
          <reporter-output>
          </reporter-output>
        </test-method> <!-- setup -->
        <test-method signature="ScreensotOfPage()[pri:2, instance:voss.testcases.EndToEndTest@70e9c95d]" started-at="2022-11-11T12:44:30 SAST" name="ScreensotOfPage" finished-at="2022-11-11T12:44:31 SAST" duration-ms="1258" status="PASS">
          <reporter-output>
          </reporter-output>
        </test-method> <!-- ScreensotOfPage -->
        <test-method is-config="true" signature="tearDown()[pri:0, instance:voss.testcases.EndToEndTest@70e9c95d]" started-at="2022-11-11T12:44:31 SAST" name="tearDown" finished-at="2022-11-11T12:44:31 SAST" duration-ms="290" status="PASS">
          <reporter-output>
          </reporter-output>
        </test-method> <!-- tearDown -->
        <test-method is-config="true" signature="setup()[pri:0, instance:voss.testcases.EndToEndTest@70e9c95d]" started-at="2022-11-11T12:44:31 SAST" name="setup" finished-at="2022-11-11T12:44:34 SAST" duration-ms="2372" status="PASS">
          <reporter-output>
          </reporter-output>
        </test-method> <!-- setup -->
        <test-method signature="LogInAndSignOut()[pri:3, instance:voss.testcases.EndToEndTest@70e9c95d]" started-at="2022-11-11T12:44:34 SAST" name="LogInAndSignOut" finished-at="2022-11-11T12:44:44 SAST" duration-ms="10556" status="PASS">
          <reporter-output>
          </reporter-output>
        </test-method> <!-- LogInAndSignOut -->
        <test-method is-config="true" signature="tearDown()[pri:0, instance:voss.testcases.EndToEndTest@70e9c95d]" started-at="2022-11-11T12:44:44 SAST" name="tearDown" finished-at="2022-11-11T12:44:44 SAST" duration-ms="375" status="PASS">
          <reporter-output>
          </reporter-output>
        </test-method> <!-- tearDown -->
        <test-method is-config="true" signature="setup()[pri:0, instance:voss.testcases.EndToEndTest@70e9c95d]" started-at="2022-11-11T12:44:44 SAST" name="setup" finished-at="2022-11-11T12:44:47 SAST" duration-ms="2175" status="PASS">
          <reporter-output>
          </reporter-output>
        </test-method> <!-- setup -->
        <test-method signature="FillOutFormsSignInOut()[pri:4, instance:voss.testcases.EndToEndTest@70e9c95d]" started-at="2022-11-11T12:44:47 SAST" name="FillOutFormsSignInOut" finished-at="2022-11-11T12:44:49 SAST" duration-ms="2499" status="PASS">
          <reporter-output>
          </reporter-output>
        </test-method> <!-- FillOutFormsSignInOut -->
        <test-method is-config="true" signature="tearDown()[pri:0, instance:voss.testcases.EndToEndTest@70e9c95d]" started-at="2022-11-11T12:44:49 SAST" name="tearDown" finished-at="2022-11-11T12:44:49 SAST" duration-ms="325" status="PASS">
          <reporter-output>
          </reporter-output>
        </test-method> <!-- tearDown -->
        <test-method is-config="true" signature="setup()[pri:0, instance:voss.testcases.EndToEndTest@70e9c95d]" started-at="2022-11-11T12:44:49 SAST" name="setup" finished-at="2022-11-11T12:44:51 SAST" duration-ms="2014" status="PASS">
          <reporter-output>
          </reporter-output>
        </test-method> <!-- setup -->
        <test-method signature="FakePricingPageTest()[pri:5, instance:voss.testcases.EndToEndTest@70e9c95d]" started-at="2022-11-11T12:44:51 SAST" name="FakePricingPageTest" finished-at="2022-11-11T12:44:54 SAST" duration-ms="2303" status="PASS">
          <reporter-output>
          </reporter-output>
        </test-method> <!-- FakePricingPageTest -->
        <test-method is-config="true" signature="tearDown()[pri:0, instance:voss.testcases.EndToEndTest@70e9c95d]" started-at="2022-11-11T12:44:54 SAST" name="tearDown" finished-at="2022-11-11T12:44:54 SAST" duration-ms="303" status="PASS">
          <reporter-output>
          </reporter-output>
        </test-method> <!-- tearDown -->
        <test-method is-config="true" signature="afterSuite()[pri:0, instance:voss.testcases.EndToEndTest@70e9c95d]" started-at="2022-11-11T12:44:54 SAST" name="afterSuite" finished-at="2022-11-11T12:44:55 SAST" duration-ms="562" status="PASS">
          <reporter-output>
          </reporter-output>
        </test-method> <!-- afterSuite -->
      </class> <!-- voss.testcases.EndToEndTest -->
    </test> <!-- Test -->
  </suite> <!-- Suite -->
</testng-results>
